<?xml version="1.0" encoding="UTF-8"?>
<testng-results ignored="0" total="1" passed="1" failed="0" skipped="0">
  <reporter-output>
  </reporter-output>
  <suite started-at="2024-12-17T15:43:11 GMT" name="Suite" finished-at="2024-12-17T15:43:14 GMT" duration-ms="2760">
    <groups>
    </groups>
    <test started-at="2024-12-17T15:43:11 GMT" name="Test" finished-at="2024-12-17T15:43:14 GMT" duration-ms="2760">
      <class name="TestNG.mainClass">
        <test-method signature="TestGoogle(java.lang.String,java.lang.String)[pri:0, instance:TestNG.mainClass@533b266e]" started-at="2024-12-17T15:43:11 GMT" name="TestGoogle" finished-at="2024-12-17T15:43:14 GMT" duration-ms="2720" status="PASS">
          <params>
            <param index="0">
              <value>
                <![CDATA[GrowRich]]>
              </value>
            </param>
            <param index="1">
              <value>
                <![CDATA[GrowRich@2024]]>
              </value>
            </param>
          </params>
          <reporter-output>
          </reporter-output>
        </test-method> <!-- TestGoogle -->
      </class> <!-- TestNG.mainClass -->
    </test> <!-- Test -->
  </suite> <!-- Suite -->
</testng-results>
